  CREATE_STREAM @100 {NAME:vseq T:Transactions SCOPE:uvm_test_top.my_vsequencer_h STREAM:2709}
  CREATE_STREAM @100 {NAME:wseq T:Transactions SCOPE:uvm_test_top.my_env_h[0].my_agent_i_h.my_sequencer_h STREAM:2730}
  CREATE_STREAM @100 {NAME:rmw_seq T:Transactions SCOPE:uvm_test_top.my_env_h[1].my_agent_i_h.my_sequencer_h STREAM:2733}
  CREATE_STREAM @116 {NAME:rseq T:Transactions SCOPE:uvm_test_top.my_env_h[0].my_agent_i_h.my_sequencer_h STREAM:2755}
  CREATE_STREAM @30 {NAME:rseq T:Transactions SCOPE:uvm_test_top.my_env_h[0].my_agent_i_h.my_sequencer_h STREAM:2715}
  CREATE_STREAM @46 {NAME:wseq T:Transactions SCOPE:uvm_test_top.my_env_h[0].my_agent_i_h.my_sequencer_h STREAM:2733}
  CREATE_STREAM @66 {NAME:rseq T:Transactions SCOPE:uvm_test_top.my_env_h[1].my_agent_i_h.my_sequencer_h STREAM:2755}
  CREATE_STREAM @91 {NAME:wseq T:Transactions SCOPE:uvm_test_top.my_env_h[1].my_agent_i_h.my_sequencer_h STREAM:2779}
  CREATE_STREAM @131 {NAME:rseq T:Transactions SCOPE:uvm_test_top.my_env_h[2].my_agent_i_h.my_sequencer_h STREAM:2801}
  CREATE_STREAM @166 {NAME:wseq T:Transactions SCOPE:uvm_test_top.my_env_h[2].my_agent_i_h.my_sequencer_h STREAM:2825}
  CREATE_STREAM @226 {NAME:rseq T:Transactions SCOPE:uvm_test_top.my_env_h[3].my_agent_i_h.my_sequencer_h STREAM:2847}
  CREATE_STREAM @301 {NAME:wseq T:Transactions SCOPE:uvm_test_top.my_env_h[3].my_agent_i_h.my_sequencer_h STREAM:2871}
  CREATE_STREAM @30 {NAME:rseq T:Transactions SCOPE:uvm_test_top.my_env_h[0].my_agent_i_h.my_sequencer_h STREAM:2715}
  CREATE_STREAM @60 {NAME:wseq T:Transactions SCOPE:uvm_test_top.my_env_h[1].my_agent_i_h.my_sequencer_h STREAM:2743}
  CREATE_STREAM @231 {NAME:wseq T:Transactions SCOPE:uvm_test_top.my_env_h[0].my_agent_i_h.my_sequencer_h STREAM:2803}
  CREATE_STREAM @231 {NAME:rseq T:Transactions SCOPE:uvm_test_top.my_env_h[1].my_agent_i_h.my_sequencer_h STREAM:2805}
  CREATE_STREAM @30 {NAME:rmw_seq_1 T:Transactions SCOPE:uvm_test_top.my_env_h[0].my_agent_i_h.my_sequencer_h STREAM:2715}
  CREATE_STREAM @60 {NAME:rmw_seq_2 T:Transactions SCOPE:uvm_test_top.my_env_h[1].my_agent_i_h.my_sequencer_h STREAM:2737}
  CREATE_STREAM @100 {NAME:vseq T:Transactions SCOPE:uvm_test_top.my_vsequencer_h STREAM:2709}
  CREATE_STREAM @100 {NAME:wseq T:Transactions SCOPE:uvm_test_top.my_env_h[0].my_agent_i_h.my_sequencer_h STREAM:2730}
  CREATE_STREAM @100 {NAME:rmw_seq T:Transactions SCOPE:uvm_test_top.my_env_h[1].my_agent_i_h.my_sequencer_h STREAM:2733}
  CREATE_STREAM @116 {NAME:rseq T:Transactions SCOPE:uvm_test_top.my_env_h[0].my_agent_i_h.my_sequencer_h STREAM:2755}
